app/build/outputs/logs/manifest-merger-debug-report.txt
-- Merging decision tree log ---
manifest
ADDED from src\main\AndroidManifest.xml:2:1-20:12
	package
		ADDED from src\main\AndroidManifest.xml:4:33-62
		INJECTED from src\main\AndroidManifest.xml
		INJECTED from src\main\AndroidManifest.xml
	android:versionName
		ADDED from src\main\AndroidManifest.xml:4:7-32
		INJECTED from src\main\AndroidManifest.xml
		INJECTED from src\main\AndroidManifest.xml
	android:versionCode
		ADDED from src\main\AndroidManifest.xml:3:7-30
		INJECTED from src\main\AndroidManifest.xml
		INJECTED from src\main\AndroidManifest.xml
	xmlns:android
		ADDED from src\main\AndroidManifest.xml:2:11-69
uses-permission#android.permission.WRITE_EXTERNAL_STORAGE
ADDED from src\main\AndroidManifest.xml:5:5-6:23
	android:name
		ADDED from src\main\AndroidManifest.xml:5:22-78
application
ADDED from src\main\AndroidManifest.xml:7:5-19:19
MERGED from [com.android.support:support-v4:23.0.0] AndroidManifest.xml:22:5-20
	android:label
		ADDED from src\main\AndroidManifest.xml:7:18-50
	android:icon
		ADDED from src\main\AndroidManifest.xml:7:103-132
	android:theme
		ADDED from src\main\AndroidManifest.xml:7:51-102
activity#org.mangelok.simrec.SimpleReceipt
ADDED from src\main\AndroidManifest.xml:8:9-16:20
	android:label
		ADDED from src\main\AndroidManifest.xml:9:19-51
	android:configChanges
		ADDED from src\main\AndroidManifest.xml:10:19-54
	android:name
		ADDED from src\main\AndroidManifest.xml:8:19-47
intent-filter#android.intent.action.MAIN+android.intent.category.LAUNCHER
ADDED from src\main\AndroidManifest.xml:12:13-15:29
action#android.intent.action.MAIN
ADDED from src\main\AndroidManifest.xml:13:17-69
	android:name
		ADDED from src\main\AndroidManifest.xml:13:25-66
category#android.intent.category.LAUNCHER
ADDED from src\main\AndroidManifest.xml:14:17-77
	android:name
		ADDED from src\main\AndroidManifest.xml:14:27-74
activity#org.mangelok.simrec.DisplayReceipt
ADDED from src\main\AndroidManifest.xml:17:9-131
	android:screenOrientation
		ADDED from src\main\AndroidManifest.xml:17:82-119
	android:label
		ADDED from src\main\AndroidManifest.xml:17:49-81
	android:name
		ADDED from src\main\AndroidManifest.xml:17:19-48
activity#org.mangelok.simrec.Viewer
ADDED from src\main\AndroidManifest.xml:18:9-123
	android:screenOrientation
		ADDED from src\main\AndroidManifest.xml:18:74-111
	android:label
		ADDED from src\main\AndroidManifest.xml:18:41-73
	android:name
		ADDED from src\main\AndroidManifest.xml:18:19-40
uses-sdk
INJECTED from src\main\AndroidManifest.xml reason: use-sdk injection requested
MERGED from [com.android.support:support-v4:23.0.0] AndroidManifest.xml:20:5-43
	android:targetSdkVersion
		INJECTED from src\main\AndroidManifest.xml
		INJECTED from src\main\AndroidManifest.xml
	android:minSdkVersion
		INJECTED from src\main\AndroidManifest.xml
		INJECTED from src\main\AndroidManifest.xml